  main.cpp
c:\users\diego\desktop\diegofinal\main.cpp(6): warning C4326: return type of 'main' should be 'int' instead of 'void'
  ManagerAction.cpp
  Parser.flex.cpp
c:\program files (x86)\microsoft visual studio\2017\community\vc\tools\msvc\14.13.26128\include\stdint.h(48): warning C4005: 'INT8_MIN': macro redefinition
  c:\users\diego\desktop\parser.flex.cpp(59): note: see previous definition of 'INT8_MIN'
c:\program files (x86)\microsoft visual studio\2017\community\vc\tools\msvc\14.13.26128\include\stdint.h(49): warning C4005: 'INT16_MIN': macro redefinition
  c:\users\diego\desktop\parser.flex.cpp(62): note: see previous definition of 'INT16_MIN'
c:\program files (x86)\microsoft visual studio\2017\community\vc\tools\msvc\14.13.26128\include\stdint.h(50): warning C4005: 'INT32_MIN': macro redefinition
  c:\users\diego\desktop\parser.flex.cpp(65): note: see previous definition of 'INT32_MIN'
c:\program files (x86)\microsoft visual studio\2017\community\vc\tools\msvc\14.13.26128\include\stdint.h(52): warning C4005: 'INT8_MAX': macro redefinition
  c:\users\diego\desktop\parser.flex.cpp(68): note: see previous definition of 'INT8_MAX'
c:\program files (x86)\microsoft visual studio\2017\community\vc\tools\msvc\14.13.26128\include\stdint.h(53): warning C4005: 'INT16_MAX': macro redefinition
  c:\users\diego\desktop\parser.flex.cpp(71): note: see previous definition of 'INT16_MAX'
c:\program files (x86)\microsoft visual studio\2017\community\vc\tools\msvc\14.13.26128\include\stdint.h(54): warning C4005: 'INT32_MAX': macro redefinition
  c:\users\diego\desktop\parser.flex.cpp(74): note: see previous definition of 'INT32_MAX'
c:\program files (x86)\microsoft visual studio\2017\community\vc\tools\msvc\14.13.26128\include\stdint.h(56): warning C4005: 'UINT8_MAX': macro redefinition
  c:\users\diego\desktop\parser.flex.cpp(77): note: see previous definition of 'UINT8_MAX'
c:\program files (x86)\microsoft visual studio\2017\community\vc\tools\msvc\14.13.26128\include\stdint.h(57): warning C4005: 'UINT16_MAX': macro redefinition
  c:\users\diego\desktop\parser.flex.cpp(80): note: see previous definition of 'UINT16_MAX'
c:\program files (x86)\microsoft visual studio\2017\community\vc\tools\msvc\14.13.26128\include\stdint.h(58): warning C4005: 'UINT32_MAX': macro redefinition
  c:\users\diego\desktop\parser.flex.cpp(83): note: see previous definition of 'UINT32_MAX'
  Parser.tab.cpp
c:\program files (x86)\microsoft visual studio\2017\community\vc\tools\msvc\14.13.26128\include\stdint.h(48): warning C4005: 'INT8_MIN': macro redefinition
  c:\users\diego\desktop\parser.flex.h(63): note: see previous definition of 'INT8_MIN'
c:\program files (x86)\microsoft visual studio\2017\community\vc\tools\msvc\14.13.26128\include\stdint.h(49): warning C4005: 'INT16_MIN': macro redefinition
  c:\users\diego\desktop\parser.flex.h(66): note: see previous definition of 'INT16_MIN'
c:\program files (x86)\microsoft visual studio\2017\community\vc\tools\msvc\14.13.26128\include\stdint.h(50): warning C4005: 'INT32_MIN': macro redefinition
  c:\users\diego\desktop\parser.flex.h(69): note: see previous definition of 'INT32_MIN'
c:\program files (x86)\microsoft visual studio\2017\community\vc\tools\msvc\14.13.26128\include\stdint.h(52): warning C4005: 'INT8_MAX': macro redefinition
  c:\users\diego\desktop\parser.flex.h(72): note: see previous definition of 'INT8_MAX'
c:\program files (x86)\microsoft visual studio\2017\community\vc\tools\msvc\14.13.26128\include\stdint.h(53): warning C4005: 'INT16_MAX': macro redefinition
  c:\users\diego\desktop\parser.flex.h(75): note: see previous definition of 'INT16_MAX'
c:\program files (x86)\microsoft visual studio\2017\community\vc\tools\msvc\14.13.26128\include\stdint.h(54): warning C4005: 'INT32_MAX': macro redefinition
  c:\users\diego\desktop\parser.flex.h(78): note: see previous definition of 'INT32_MAX'
c:\program files (x86)\microsoft visual studio\2017\community\vc\tools\msvc\14.13.26128\include\stdint.h(56): warning C4005: 'UINT8_MAX': macro redefinition
  c:\users\diego\desktop\parser.flex.h(81): note: see previous definition of 'UINT8_MAX'
c:\program files (x86)\microsoft visual studio\2017\community\vc\tools\msvc\14.13.26128\include\stdint.h(57): warning C4005: 'UINT16_MAX': macro redefinition
  c:\users\diego\desktop\parser.flex.h(84): note: see previous definition of 'UINT16_MAX'
c:\program files (x86)\microsoft visual studio\2017\community\vc\tools\msvc\14.13.26128\include\stdint.h(58): warning C4005: 'UINT32_MAX': macro redefinition
  c:\users\diego\desktop\parser.flex.h(87): note: see previous definition of 'UINT32_MAX'
c:\users\diego\desktop\parser.tab.cpp(1042): warning C4065: switch statement contains 'default' but no 'case' labels
  Generating Code...
  TextFight.vcxproj -> C:\Users\Diego\Desktop\DiegoFinal\x64\Debug\TextFight.exe
